<?xml version="1.0" encoding="UTF-8"?>
<!-- Generated by org.testng.reporters.JUnitXMLReporter -->
<testsuite ignored="0" hostname="Admin" failures="0" tests="3" name="Run on FIREFOX" time="22.259" errors="0" timestamp="13 Jun 2021 17:43:23 GMT">
  <testcase classname="com.nopcommerce.user.Level_02_Register_Login_Page_Object_Button" name="TC_01_Register" time="6.286"/>
  <testcase classname="com.nopcommerce.user.Level_02_Register_Login_Page_Object_Button" name="TC_02_Login_To_System" time="3.2"/>
  <testcase classname="com.nopcommerce.user.Level_02_Register_Login_Page_Object_Button" name="TC_03_My_Account" time="1.512"/>
</testsuite> <!-- Run on FIREFOX -->
