<?xml version="1.0" encoding="UTF-8"?>
<!-- Generated by org.testng.reporters.JUnitXMLReporter -->
<testsuite ignored="0" hostname="Admin" failures="0" tests="3" name="Run on EDGE CHROMIUM" time="18.183" errors="0" timestamp="13 Jun 2021 17:44:09 GMT">
  <testcase classname="com.nopcommerce.user.Level_02_Register_Login_Page_Object_Button" name="TC_01_Register" time="5.931"/>
  <testcase classname="com.nopcommerce.user.Level_02_Register_Login_Page_Object_Button" name="TC_02_Login_To_System" time="2.149"/>
  <testcase classname="com.nopcommerce.user.Level_02_Register_Login_Page_Object_Button" name="TC_03_My_Account" time="1.266"/>
</testsuite> <!-- Run on EDGE CHROMIUM -->
