<?xml version="1.0" encoding="UTF-8"?>
<!-- Generated by org.testng.reporters.JUnitXMLReporter -->
<testsuite ignored="0" hostname="Admin" failures="0" tests="2" name="Default test" time="0.05" errors="0" timestamp="13 May 2021 17:54:17 GMT">
  <testcase classname="com.nopcommerce.user.User_01_Register_Login" name="TC_01_Register_Empty_Data" time="0.01"/>
  <testcase classname="com.nopcommerce.user.User_01_Register_Login" name="TC_02_Register_Invalid_Email" time="0.002"/>
</testsuite> <!-- Default test -->
