<?xml version="1.0" encoding="UTF-8"?>
<testng-results ignored="0" total="2" passed="2" failed="0" skipped="0">
  <reporter-output>
  </reporter-output>
  <suite started-at="2021-05-13T18:13:53Z" name="User Nopcommerce" finished-at="2021-05-13T18:13:53Z" duration-ms="46">
    <groups>
    </groups>
    <test started-at="2021-05-13T18:13:53Z" name="Run on Chrome" finished-at="2021-05-13T18:13:53Z" duration-ms="46">
      <class name="com.nopcommerce.user.User_01_Register_Login">
        <test-method is-config="true" signature="BeforeClass()[pri:0, instance:com.nopcommerce.user.User_01_Register_Login@367ffa75]" started-at="2021-05-13T18:13:53Z" name="BeforeClass" finished-at="2021-05-13T18:13:53Z" duration-ms="10" status="PASS">
          <reporter-output>
          </reporter-output>
        </test-method> <!-- BeforeClass -->
        <test-method signature="TC_01_Register_Empty_Data()[pri:0, instance:com.nopcommerce.user.User_01_Register_Login@367ffa75]" started-at="2021-05-13T18:13:53Z" name="TC_01_Register_Empty_Data" finished-at="2021-05-13T18:13:53Z" duration-ms="8" status="PASS">
          <reporter-output>
          </reporter-output>
        </test-method> <!-- TC_01_Register_Empty_Data -->
        <test-method signature="TC_02_Register_Invalid_Email()[pri:0, instance:com.nopcommerce.user.User_01_Register_Login@367ffa75]" started-at="2021-05-13T18:13:53Z" name="TC_02_Register_Invalid_Email" finished-at="2021-05-13T18:13:53Z" duration-ms="1" status="PASS">
          <reporter-output>
          </reporter-output>
        </test-method> <!-- TC_02_Register_Invalid_Email -->
      </class> <!-- com.nopcommerce.user.User_01_Register_Login -->
    </test> <!-- Run on Chrome -->
  </suite> <!-- User Nopcommerce -->
</testng-results>
