<?xml version="1.0" encoding="UTF-8"?>
<!-- Generated by org.testng.reporters.JUnitXMLReporter -->
<testsuite ignored="0" hostname="Admin" failures="0" tests="11" name="Run on chrome" time="45.907" errors="0" timestamp="20 Sep 2021 18:05:06 GMT">
  <testcase classname="com.hrm.employee.Employee_01_Add_Employee" name="Employee_01_Add_New_Employee" time="24.724"/>
  <testcase classname="com.hrm.employee.Employee_01_Add_Employee" name="Employee_02_Upload_Avata" time="7.067"/>
  <testcase classname="com.hrm.employee.Employee_01_Add_Employee" name="Employee_03_Personal_Details" time="0.001"/>
  <testcase classname="com.hrm.employee.Employee_01_Add_Employee" name="Employee_04_Contact_Details" time="0.001"/>
  <testcase classname="com.hrm.employee.Employee_01_Add_Employee" name="Employee_05_Emergency_Detail" time="0.002"/>
  <testcase classname="com.hrm.employee.Employee_01_Add_Employee" name="Employee_06_Assigned_Dependents" time="0.001"/>
  <testcase classname="com.hrm.employee.Employee_01_Add_Employee" name="Employee_07_Edit_View_Job" time="0.002"/>
  <testcase classname="com.hrm.employee.Employee_01_Add_Employee" name="Employee_08_Edit_View_Salary" time="0.002"/>
  <testcase classname="com.hrm.employee.Employee_01_Add_Employee" name="Employee_10_Qualifications" time="0.002"/>
  <testcase classname="com.hrm.employee.Employee_01_Add_Employee" name="Employee_11_Search_Employee" time="0.005"/>
  <testcase classname="com.hrm.employee.Employee_01_Add_Employee" name="Employee_9_Edit_View_Tax" time="0.002"/>
</testsuite> <!-- Run on chrome -->
